Arguments: 
  C:\Program Files\nodejs\node.exe C:\Users\Lucas\AppData\Roaming\npm\node_modules\yarn\bin\yarn.js add --dev pretier-eslint-cli

PATH: 
  C:\Users\Lucas\bin;C:\Program Files\Git\mingw64\bin;C:\Program Files\Git\usr\local\bin;C:\Program Files\Git\usr\bin;C:\Program Files\Git\usr\bin;C:\Program Files\Git\mingw64\bin;C:\Program Files\Git\usr\bin;C:\Users\Lucas\bin;C:\Python38\Scripts;C:\Python38;C:\WINDOWS\system32;C:\WINDOWS;C:\WINDOWS\System32\Wbem;C:\WINDOWS\System32\WindowsPowerShell\v1.0;C:\WINDOWS\System32\OpenSSH;C:\Program Files\Docker\Docker\resources\bin;C:\ProgramData\DockerDesktop\version-bin;C:\Program Files\nodejs;C:\ProgramData\chocolatey\bin;C:\Program Files\dotnet;C:\Program Files (x86)\NVIDIA Corporation\PhysX\Common;C:\Program Files\NVIDIA Corporation\NVIDIA NvDLISR;C:\Program Files\Git\cmd;C:\Users\Lucas\.windows-build-tools\python27;C:\Ruby27-x64\bin;C:\Users\Lucas\AppData\Local\Microsoft\WindowsApps;C:\Program Files\JetBrains\WebStorm 2020.1.2\bin;C:\Users\Lucas\AppData\Roaming\npm;C:\Exercism;C:\tools\neovim\Neovim\bin;C:\Users\Lucas\AppData\Local\GitHubDesktop\bin;C:\xampp\php;C:\Program Files\JetBrains\WebStorm 2020.2\bin;C:\Program Files\JetBrains\RubyMine 2020.2\bin;C:\Program Files\JetBrains\PhpStorm 2020.2.1\bin;C:\Program Files\heroku\bin;C:\Users\Lucas\AppData\Local\Programs\Microsoft VS Code\bin;C:\Program Files\Git\usr\bin\vendor_perl;C:\Program Files\Git\usr\bin\core_perl

Yarn version: 
  1.22.4

Node version: 
  12.18.2

Platform: 
  win32 x64

Trace: 
  Error: https://registry.yarnpkg.com/pretier-eslint-cli: Not found
      at Request.params.callback [as _callback] (C:\Users\Lucas\AppData\Roaming\npm\node_modules\yarn\lib\cli.js:66987:18)
      at Request.self.callback (C:\Users\Lucas\AppData\Roaming\npm\node_modules\yarn\lib\cli.js:140748:22)
      at Request.emit (events.js:315:20)
      at Request.<anonymous> (C:\Users\Lucas\AppData\Roaming\npm\node_modules\yarn\lib\cli.js:141720:10)
      at Request.emit (events.js:315:20)
      at IncomingMessage.<anonymous> (C:\Users\Lucas\AppData\Roaming\npm\node_modules\yarn\lib\cli.js:141642:12)
      at Object.onceWrapper (events.js:421:28)
      at IncomingMessage.emit (events.js:327:22)
      at endReadableNT (_stream_readable.js:1221:12)
      at processTicksAndRejections (internal/process/task_queues.js:84:21)

npm manifest: 
  {
    "name": "reactSpinners10-7-2020",
    "version": "1.0.0",
    "description": "",
    "main": "index.js",
    "scripts": {
      "test": "echo \"Error: no test specified\" && exit 1",
      "format": "prettier-eslint \"src/**/*.js\""
    },
    "repository": {
      "type": "git",
      "url": "git+https://github.com/MrEverymorning/reactSpinners10-7-2020.git"
    },
    "keywords": [
      "react",
      "css",
      "spinners"
    ],
    "author": "Lucas",
    "license": "MIT",
    "bugs": {
      "url": "https://github.com/MrEverymorning/reactSpinners10-7-2020/issues"
    },
    "homepage": "https://github.com/MrEverymorning/reactSpinners10-7-2020#readme",
    "devDependencies": {
      "@typescript-eslint/eslint-plugin": "^4.4.0",
      "@typescript-eslint/parser": "^4.4.0",
      "eslint": "^7.10.0",
      "eslint-config-prettier": "^6.12.0",
      "eslint-config-standard": "^14.1.1",
      "eslint-plugin-import": "^2.22.1",
      "eslint-plugin-node": "^11.1.0",
      "eslint-plugin-promise": "^4.2.1",
      "eslint-plugin-react": "^7.21.3",
      "eslint-plugin-standard": "^4.0.1",
      "prettier-eslint": "^11.0.0",
      "prettier-eslint-cli": "^5.0.0"
    }
  }

yarn manifest: 
  No manifest

Lockfile: 
  No lockfile
